#
# There is insufficient memory for the Java Runtime Environment to continue.
# Native memory allocation (mmap) failed to map 268435456 bytes. Error detail: G1 virtual space
# Possible reasons:
#   The system is out of physical RAM or swap space
#   This process is running with CompressedOops enabled, and the Java Heap may be blocking the growth of the native heap
# Possible solutions:
#   Reduce memory load on the system
#   Increase physical memory or swap space
#   Check if swap backing store is full
#   Decrease Java heap size (-Xmx/-Xms)
#   Decrease number of Java threads
#   Decrease Java thread stack sizes (-Xss)
#   Set larger code cache with -XX:ReservedCodeCacheSize=
#   JVM is running with Zero Based Compressed Oops mode in which the Java heap is
#     placed in the first 32GB address space. The Java Heap base address is the
#     maximum limit for the native heap growth. Please use -XX:HeapBaseMinAddress
#     to set the Java Heap base and to place the Java Heap above 32GB virtual address.
# This output file may be truncated or incomplete.
#
#  Out of Memory Error (os_windows.cpp:3766), pid=12956, tid=4420
#
# JRE version:  (25.0.2+1) (build )
# Java VM: OpenJDK 64-Bit Server VM (25.0.2+1-b329.117, mixed mode, sharing, tiered, compressed oops, compressed class ptrs, g1 gc, windows-amd64)
# No core dump will be written. Minidumps are not enabled by default on client versions of Windows
#

---------------  S U M M A R Y ------------

Command Line: git4idea.http.GitAskPassApp Username for 'https://github.com': 

Host: Intel(R) Core(TM) i7-4700MQ CPU @ 2.40GHz, 8 cores, 15G,  Windows 10 , 64 bit Build 19041 (10.0.19041.7291)
Time: Tue Jul  7 22:06:11 2026 elapsed time: 0.444757 seconds (0d 0h 0m 0s)

---------------  T H R E A D  ---------------

Current thread (0x0000024b2ec9f3f0):  JavaThread "Unknown thread" [_thread_in_vm, id=4420, stack(0x000000eecdf00000,0x000000eece000000) (1024K)]

Stack: [0x000000eecdf00000,0x000000eece000000]
Native frames: (J=compiled Java code, j=interpreted, Vv=VM code, C=native code)
V  [jvm.dll+0x7c0cc9]  (no source info available)
V  [jvm.dll+0x78a49d]  (no source info available)
V  [jvm.dll+0xa0e693]  (no source info available)
V  [jvm.dll+0xa10e8c]  (no source info available)
V  [jvm.dll+0xa11583]  (no source info available)
V  [jvm.dll+0x307b46]  (no source info available)
V  [jvm.dll+0x7bced5]  (no source info available)
V  [jvm.dll+0x7afe97]  (no source info available)
V  [jvm.dll+0x40159e]  (no source info available)
V  [jvm.dll+0x4093bb]  (no source info available)
V  [jvm.dll+0x3f5bf9]  (no source info available)
V  [jvm.dll+0x3f5eab]  (no source info available)
V  [jvm.dll+0x3cc053]  (no source info available)
V  [jvm.dll+0x3cccbe]  (no source info available)
V  [jvm.dll+0x9d4a07]  (no source info available)
V  [jvm.dll+0x466ce2]  (no source info available)
V  [jvm.dll+0x9b8139]  (no source info available)
V  [jvm.dll+0x508a01]  (no source info available)
V  [jvm.dll+0x50a371]  (no source info available)
C  [jli.dll+0x541a]  (no source info available)
C  [ucrtbase.dll+0x21bb2]  (no source info available)
C  [KERNEL32.DLL+0x17374]  (no source info available)
C  [ntdll.dll+0x4cc91]  (no source info available)

Lock stack of current Java thread (top to bottom):


---------------  P R O C E S S  ---------------

Threads class SMR info:
_java_thread_list=0x00007ff853289108, length=0, elements={
}

Java Threads: ( => current thread )
Total: 0

Other Threads:
  0x0000024b2ed04ae0 WorkerThread "GC Thread#0"                     [id=9424, stack(0x000000eece000000,0x000000eece100000) (1024K)]
  0x0000024b2ed1e350 ConcurrentGCThread "G1 Main Marker"            [id=8740, stack(0x000000eece100000,0x000000eece200000) (1024K)]
  0x0000024b2ed20d00 WorkerThread "G1 Conc#0"                       [id=10132, stack(0x000000eece200000,0x000000eece300000) (1024K)]

[error occurred during error reporting (printing all threads), id 0xc0000005, EXCEPTION_ACCESS_VIOLATION (0xc0000005) at pc=0x00007ff8528a0caa]
VM state: not at safepoint (not fully initialized)

VM Mutex/Monitor currently owned by a thread:  ([mutex/lock_event])
[0x00007ff853311d10] Heap_lock - owner thread: 0x0000024b2ec9f3f0

Heap address: 0x0000000701000000, size: 4080 MB, Compressed Oops mode: Zero based, Oop shift amount: 3

CDS archive(s) mapped at: [0x0000000000000000-0x0000000000000000-0x0000000000000000), size 0, SharedBaseAddress: 0x0000000800000000, ArchiveRelocationMode: 1.
UseCompressedClassPointers 1, UseCompactObjectHeaders 0
Narrow klass pointer bits 32, Max shift 3
Narrow klass base: 0xffffffffffffffff, Narrow klass shift: -1
Encoding Range: [0xffffffffffffffff - 0x000000007fffffff), (2147483648 bytes)
Klass Range:    [0x0000000000000000 - 0x0000000000000000), (0 bytes)
Klass ID Range:  [4294967295 - 0) (1)
No protection zone.

GC Precious Log:
 CardTable entry size: 512
 Card Set container configuration: InlinePtr #cards 4 size 8 Array Of Cards #cards 16 size 48 Howl #buckets 8 coarsen threshold 3686 Howl Bitmap #cards 512 size 80 coarsen threshold 460 Card regions per heap region 1 cards per card region 4096

Heap:
 garbage-first heap   total reserved 4177920K, committed 0K, used 0K [0x0000000701000000, 0x0000000800000000)
  region size 2048K, 0 young (0K), 0 survivors (0K)

Heap Regions: E=young(eden), S=young(survivor), O=old, HS=humongous(starts), HC=humongous(continues), CS=collection set, F=free, TAMS=top-at-mark-start, PB=parsable bottom

Card table byte_map: [0x0000024b42bd0000,0x0000024b433d0000] _byte_map_base: 0x0000024b3f3c8000

Marking Bits: (CMBitMap*) 0x0000024b2ed05270
 Bits: [0x0000024b433d0000, 0x0000024b47390000)

GC Heap Usage History (0 events):
No events

Metaspace Usage History (0 events):
No events

Dll operation events (1 events):
Event: 0.057 Loaded shared library C:\Program Files\JetBrains\IntelliJ IDEA 2026.1.2\jbr\bin\java.dll

Deoptimization events (0 events):
No events

Classes loaded (0 events):
No events

Classes unloaded (0 events):
No events

Classes redefined (0 events):
No events

Internal exceptions (0 events):
No events

VM Operations (0 events):
No events

Memory protections (0 events):
No events

Nmethod flushes (0 events):
No events

Events (0 events):
No events


Dynamic libraries:
0x00007ff60bf80000 - 0x00007ff60bf8a000 	C:\Program Files\JetBrains\IntelliJ IDEA 2026.1.2\jbr\bin\java.exe
0x00007ff886f70000 - 0x00007ff887169000 	C:\Windows\SYSTEM32\ntdll.dll
0x00007ff886000000 - 0x00007ff8860c2000 	C:\Windows\System32\KERNEL32.DLL
0x00007ff884c70000 - 0x00007ff884f67000 	C:\Windows\System32\KERNELBASE.dll
0x00007ff884890000 - 0x00007ff884990000 	C:\Windows\System32\ucrtbase.dll
0x00007ff8706f0000 - 0x00007ff870707000 	C:\Program Files\JetBrains\IntelliJ IDEA 2026.1.2\jbr\bin\jli.dll
0x00007ff875400000 - 0x00007ff87541e000 	C:\Program Files\JetBrains\IntelliJ IDEA 2026.1.2\jbr\bin\VCRUNTIME140.dll
0x00007ff8859f0000 - 0x00007ff885b8d000 	C:\Windows\System32\USER32.dll
0x00007ff884990000 - 0x00007ff8849b2000 	C:\Windows\System32\win32u.dll
0x00007ff872f20000 - 0x00007ff8731bb000 	C:\Windows\WinSxS\amd64_microsoft.windows.common-controls_6595b64144ccf1df_6.0.19041.6926_none_60b5a53971f8f7e6\COMCTL32.dll
0x00007ff886ae0000 - 0x00007ff886b0b000 	C:\Windows\System32\GDI32.dll
0x00007ff886850000 - 0x00007ff8868ee000 	C:\Windows\System32\msvcrt.dll
0x00007ff8845e0000 - 0x00007ff8846fa000 	C:\Windows\System32\gdi32full.dll
0x00007ff8849f0000 - 0x00007ff884a8d000 	C:\Windows\System32\msvcp_win.dll
0x00007ff884f70000 - 0x00007ff884f9f000 	C:\Windows\System32\IMM32.DLL
0x00007ff871bd0000 - 0x00007ff871bdc000 	C:\Program Files\JetBrains\IntelliJ IDEA 2026.1.2\jbr\bin\vcruntime140_1.dll
0x00007ff86a880000 - 0x00007ff86a909000 	C:\Program Files\JetBrains\IntelliJ IDEA 2026.1.2\jbr\bin\msvcp140.dll
0x00007ff8524c0000 - 0x00007ff853412000 	C:\Program Files\JetBrains\IntelliJ IDEA 2026.1.2\jbr\bin\server\jvm.dll
0x00007ff886e70000 - 0x00007ff886f21000 	C:\Windows\System32\ADVAPI32.dll
0x00007ff8854e0000 - 0x00007ff88557f000 	C:\Windows\System32\sechost.dll
0x00007ff885bf0000 - 0x00007ff885d16000 	C:\Windows\System32\RPCRT4.dll
0x00007ff8849c0000 - 0x00007ff8849e7000 	C:\Windows\System32\bcrypt.dll
0x00007ff885d80000 - 0x00007ff885deb000 	C:\Windows\System32\WS2_32.dll
0x00007ff884310000 - 0x00007ff88435b000 	C:\Windows\SYSTEM32\POWRPROF.dll
0x00007ff880390000 - 0x00007ff88039a000 	C:\Windows\SYSTEM32\VERSION.dll
0x00007ff873300000 - 0x00007ff873327000 	C:\Windows\SYSTEM32\WINMM.dll
0x00007ff8842f0000 - 0x00007ff884302000 	C:\Windows\SYSTEM32\UMPDC.dll
0x00007ff882410000 - 0x00007ff882422000 	C:\Windows\SYSTEM32\kernel.appcore.dll
0x00007ff871bc0000 - 0x00007ff871bca000 	C:\Program Files\JetBrains\IntelliJ IDEA 2026.1.2\jbr\bin\jimage.dll
0x00007ff87abf0000 - 0x00007ff87adf1000 	C:\Windows\SYSTEM32\DBGHELP.DLL
0x00007ff87abb0000 - 0x00007ff87abe4000 	C:\Windows\SYSTEM32\dbgcore.DLL
0x00007ff8847b0000 - 0x00007ff884832000 	C:\Windows\System32\bcryptPrimitives.dll
0x00007ff870680000 - 0x00007ff87069f000 	C:\Program Files\JetBrains\IntelliJ IDEA 2026.1.2\jbr\bin\java.dll
0x00007ff8869b0000 - 0x00007ff886adb000 	C:\Windows\System32\ole32.dll
0x00007ff885180000 - 0x00007ff8854d3000 	C:\Windows\System32\combase.dll
0x00007ff8860d0000 - 0x00007ff886841000 	C:\Windows\System32\SHELL32.dll

JVMTI agents: none

dbghelp: loaded successfully - version: 4.0.5 - missing functions: none
symbol engine: initialized successfully - sym options: 0x614 - pdb path: .;C:\Program Files\JetBrains\IntelliJ IDEA 2026.1.2\jbr\bin;C:\Windows\SYSTEM32;C:\Windows\WinSxS\amd64_microsoft.windows.common-controls_6595b64144ccf1df_6.0.19041.6926_none_60b5a53971f8f7e6;C:\Program Files\JetBrains\IntelliJ IDEA 2026.1.2\jbr\bin\server

VM Arguments:
java_command: git4idea.http.GitAskPassApp Username for 'https://github.com': 
java_class_path (initial): C:/Program Files/JetBrains/IntelliJ IDEA 2026.1.2/plugins/vcs-git/lib/git4idea-rt.jar;C:/Program Files/JetBrains/IntelliJ IDEA 2026.1.2/lib/externalProcess-rt.jar
Launcher Type: SUN_STANDARD

[Global flags]
     intx CICompilerCount                          = 4                                         {product} {ergonomic}
     uint ConcGCThreads                            = 2                                         {product} {ergonomic}
     uint G1ConcRefinementThreads                  = 8                                         {product} {ergonomic}
   size_t G1HeapRegionSize                         = 2097152                                   {product} {ergonomic}
   size_t InitialHeapSize                          = 268435456                                 {product} {ergonomic}
   size_t MarkStackSize                            = 4194304                                   {product} {ergonomic}
   size_t MarkStackSizeMax                         = 536870912                                 {product} {ergonomic}
   size_t MaxHeapSize                              = 4278190080                                {product} {ergonomic}
   size_t MinHeapDeltaBytes                        = 2097152                                   {product} {ergonomic}
   size_t MinHeapSize                              = 8388608                                   {product} {ergonomic}
    uintx NonNMethodCodeHeapSize                   = 5832704                                {pd product} {ergonomic}
    uintx NonProfiledCodeHeapSize                  = 122945536                              {pd product} {ergonomic}
    uintx ProfiledCodeHeapSize                     = 122880000                              {pd product} {ergonomic}
    uintx ReservedCodeCacheSize                    = 251658240                              {pd product} {ergonomic}
     bool SegmentedCodeCache                       = true                                      {product} {ergonomic}
   size_t SoftMaxHeapSize                          = 4278190080                             {manageable} {ergonomic}
     bool UseCompressedOops                        = true                           {product lp64_product} {ergonomic}
     bool UseG1GC                                  = true                                      {product} {ergonomic}
     bool UseLargePagesIndividualAllocation        = false                                  {pd product} {ergonomic}

Logging:
Log output configuration:
 #0: stdout all=warning uptime,level,tags foldmultilines=false
 #1: stderr all=off uptime,level,tags foldmultilines=false

Release file:
<release file has not been read>
Environment Variables:
PATH=C:\Program Files\Git\mingw64\libexec\git-core;C:\Program Files\Git\mingw64\libexec\git-core;C:\Program Files\Git\mingw64\bin;C:\Program Files\Git\usr\bin;C:\Users\User\bin;C:\Program Files\Common Files\Oracle\Java\javapath;C:\Program Files\PlasticSCM5\server;C:\Program Files\PlasticSCM5\client;C:\Borland\Delphi7\Bin;C:\Borland\Delphi7\Projects\Bpl;C:\Program Files (x86)\Common Files\Oracle\Java\javapath;C:\Windows\system32;C:\Windows;C:\Windows\System32\Wbem;C:\Windows\System32\WindowsPowerShell\v1.0;C:\Windows\System32\OpenSSH;C:\Program Files\dotnet;C:\Program Files (x86)\Windows Kits\10\Windows Performance Toolkit;C:\Program Files (x86)\NVIDIA Corporation\PhysX\Common;C:\Program Files\RuDesktop;C:\Program Files\PuTTY;C:\Program Files\Git\cmd;C:\Program Files\WireGuard;C:\ProgramData\chocolatey\bin;C:\terraform;C:\Program Files\Docker\Docker\resources\bin;C:\Users\User\scoop\shims;C:\Program Files\Common Files\Oracle\Java\javapath;C:\Program Files\PlasticSCM5\server;C:\Program Files\PlasticSCM5\client;C:\Borland\Delphi7\Bin;C:\Borland\Delphi7\Projects\Bpl;C:\Program Files (x86)\Common Files\Oracle\Java\javapath;C:\Windows\system32;C:\Windows;C:\Windows\System32\Wbem;C:\Windows\System32\WindowsPowerShell\v1.0;C:\Windows\System32\OpenSSH;C:\Program Files\dotnet;C:\Program Files (x86)\Windows Kits\10\Windows Performance Toolkit;C:\Program Files (x86)\NVIDIA Corporation\PhysX\Common;C:\Program Files\RuDesktop;C:\Program Files\PuTTY;C:\Program Files\Git\cmd;C:\Program Files\WireGuard;C:\ProgramData\chocolatey\bin;C:\terraform;C:\Program Files\Common Files\Oracle\Java\javapath;C:\Program Files\PlasticSCM5\server;C:\Program Files\PlasticSCM5\client;C:\Borland\Delphi7\Bin;C:\Borland\Delphi7\Projects\Bpl;C:\Program Files (x86)\Common Files\Oracle\Java\javapath;C:\Windows\system32;C:\Windows;C:\Windows\System32\Wbem;C:\Windows\System32\WindowsPowerShell\v1.0;C:\Windows\System32\OpenSSH;C:\Program Files\dotnet;C:\Program Files (x86)\Windows Kits\10\Windows Performance Toolkit;C:\Program Files (x86)\NVIDIA Corporation\PhysX\Common;C:\Program Files\RuDesktop;C:\Program Files\PuTTY;C:\Program Files\Git\cmd;C:\Program Files\WireGuard;C:\Users\User\AppData\Local\Programs\Python\Launcher;C:\Python\Python312\Scripts;C:\Python\Python312;C:\appiumScripts\sdk\platform-tools;C:\Users\User\.dotnet\tools;C:\Users\User\AppData\Local\Programs\Fiddler;C:\Users\User\AppData\Local\Programs\Microsoft VS Code\bin;C:\Users\User\AppData\Local\Python\bin;C:\Users\User\AppData\Local\Microsoft\WindowsApps;C:\Users\User\yandex-cloud\bin;C:\Users\User\.tfenv\bin;C:\terraform;C:\Users\User\AppData\Local\GitHubDesktop\bin
USERNAME=User
DISPLAY=:0.0
LC_ALL=en_US.UTF-8
TERM=xterm-256color
TMPDIR=C:\Users\User\AppData\Local\Temp
OS=Windows_NT
PROCESSOR_IDENTIFIER=Intel64 Family 6 Model 60 Stepping 3, GenuineIntel
TMP=C:\Users\User\AppData\Local\Temp
TEMP=C:\Users\User\AppData\Local\Temp




Compilation memory statistics disabled.

Periodic native trim disabled

JNI global refs:
JNI global refs: 0, weak refs: 0

JNI global refs memory usage: 0, weak refs: 0

Process memory usage:
Resident Set Size: 12324K (0% of 16707608K total physical memory with 974688K free physical memory)

OOME stack traces (most recent first):
Classloader memory used:

---------------  S Y S T E M  ---------------

OS:
 Windows 10 , 64 bit Build 19041 (10.0.19041.7291)
OS uptime: 0 days 2:34 hours
Hyper-V role detected

CPU: total 8 (initial active 8) (4 cores per cpu, 2 threads per core) family 6 model 60 stepping 3 microcode 0x27, cx8, cmov, fxsr, ht, mmx, sse, sse2, sse3, ssse3, sse4.1, sse4.2, popcnt, lzcnt, tsc, tscinvbit, avx, avx2, aes, erms, clmul, bmi1, bmi2, fma, vzeroupper, clflush, hv, rdtscp, f16c
Processor Information for the first 8 processors :
  Max Mhz: 2401, Current Mhz: 2401, Mhz Limit: 2401

Memory: 4k page, system-wide physical 16316M (951M free)
TotalPageFile size 16316M (AvailPageFile size 102M)
current process WorkingSet (physical memory assigned to process): 12M, peak: 12M
current process commit charge ("private bytes"): 60M, peak: 316M

vm_info: OpenJDK 64-Bit Server VM (25.0.2+1-b329.117) for windows-amd64 JRE (25.0.2+1-b329.117), built on 2026-04-20 with MS VC++ 17.14 (VS2022)

END.
